DEBUG2: -- recv configuration as follows --
name: player
broker: tcp://localhost:5570
time_delta: 1ns
fatal: yes

DEBUG2: -- recv configuration as follows --
name: eplus_control
broker: tcp://localhost:5570
time_delta: 300s
fatal: yes
values:
  rt_price:
    topic: player/clear_price
    default: 0.0

DEBUG2: -- recv configuration as follows --
name: gridlabdSimulator1
broker: tcp://localhost:5570
time_delta: 1000000000ns
fatal: yes
values:
  eplus_control/controller_house_15_11_thermostat_controller_cooling_setpoint:
    topic: eplus_control/controller_house_15_11_thermostat_controller_cooling_setpoint
    default: +76 degF
    list: false
  eplus_control/controller_house_15_12_thermostat_controller_cooling_setpoint:
    topic: eplus_control/controller_house_15_12_thermostat_controller_cooling_setpoint
    default: +76 degF
    list: false
  eplus_control/controller_house_15_10_thermostat_controller_cooling_setpoint:
    topic: eplus_control/controller_house_15_10_thermostat_controller_cooling_setpoint
    default: +76 degF
    list: false
  eplus_control/controller_house_15_9_thermostat_controller_cooling_setpoint:
    topic: eplus_control/controller_house_15_9_thermostat_controller_cooling_setpoint
    default: +76 degF
    list: false
  eplus_control/controller_house_15_8_thermostat_controller_cooling_setpoint:
    topic: eplus_control/controller_house_15_8_thermostat_controller_cooling_setpoint
    default: +76 degF
    list: false
  eplus_control/controller_house_15_7_thermostat_controller_cooling_setpoint:
    topic: eplus_control/controller_house_15_7_thermostat_controller_cooling_setpoint
    default: +76 degF
    list: false
  eplus_control/controller_house_15_6_thermostat_controller_cooling_setpoint:
    topic: eplus_control/controller_house_15_6_thermostat_controller_cooling_setpoint
    default: +76 degF
    list: false
  eplus_control/controller_house_15_5_thermostat_controller_cooling_setpoint:
    topic: eplus_control/controller_house_15_5_thermostat_controller_cooling_setpoint
    default: +76 degF
    list: false
  eplus_control/controller_house_15_4_thermostat_controller_cooling_setpoint:
    topic: eplus_control/controller_house_15_4_thermostat_controller_cooling_setpoint
    default: +76 degF
    list: false
  eplus_control/controller_house_15_3_thermostat_controller_cooling_setpoint:
    topic: eplus_control/controller_house_15_3_thermostat_controller_cooling_setpoint
    default: +76 degF
    list: false
  eplus_control/controller_house_15_2_thermostat_controller_cooling_setpoint:
    topic: eplus_control/controller_house_15_2_thermostat_controller_cooling_setpoint
    default: +76 degF
    list: false
  eplus_control/controller_house_15_1_thermostat_controller_cooling_setpoint:
    topic: eplus_control/controller_house_15_1_thermostat_controller_cooling_setpoint
    default: +76 degF
    list: false
  eplus_control/controller_house_14_12_thermostat_controller_cooling_setpoint:
    topic: eplus_control/controller_house_14_12_thermostat_controller_cooling_setpoint
    default: +76 degF
    list: false
  eplus_control/controller_house_14_11_thermostat_controller_cooling_setpoint:
    topic: eplus_control/controller_house_14_11_thermostat_controller_cooling_setpoint
    default: +76 degF
    list: false
  eplus_control/controller_house_14_10_thermostat_controller_cooling_setpoint:
    topic: eplus_control/controller_house_14_10_thermostat_controller_cooling_setpoint
    default: +76 degF
    list: false
  eplus_control/controller_house_14_9_thermostat_controller_cooling_setpoint:
    topic: eplus_control/controller_house_14_9_thermostat_controller_cooling_setpoint
    default: +76 degF
    list: false
  eplus_control/controller_house_14_8_thermostat_controller_cooling_setpoint:
    topic: eplus_control/controller_house_14_8_thermostat_controller_cooling_setpoint
    default: +76 degF
    list: false
  eplus_control/controller_house_14_7_thermostat_controller_cooling_setpoint:
    topic: eplus_control/controller_house_14_7_thermostat_controller_cooling_setpoint
    default: +76 degF
    list: false
  eplus_control/controller_house_14_6_thermostat_controller_cooling_setpoint:
    topic: eplus_control/controller_house_14_6_thermostat_controller_cooling_setpoint
    default: +76 degF
    list: false
  eplus_control/controller_house_14_5_thermostat_controller_cooling_setpoint:
    topic: eplus_control/controller_house_14_5_thermostat_controller_cooling_setpoint
    default: +76 degF
    list: false
  eplus_control/controller_house_14_4_thermostat_controller_cooling_setpoint:
    topic: eplus_control/controller_house_14_4_thermostat_controller_cooling_setpoint
    default: +76 degF
    list: false
  eplus_control/controller_house_14_3_thermostat_controller_cooling_setpoint:
    topic: eplus_control/controller_house_14_3_thermostat_controller_cooling_setpoint
    default: +76 degF
    list: false
  eplus_control/controller_house_14_2_thermostat_controller_cooling_setpoint:
    topic: eplus_control/controller_house_14_2_thermostat_controller_cooling_setpoint
    default: +76 degF
    list: false
  eplus_control/controller_house_14_1_thermostat_controller_cooling_setpoint:
    topic: eplus_control/controller_house_14_1_thermostat_controller_cooling_setpoint
    default: +76 degF
    list: false
  eplus_control/controller_house_13_12_thermostat_controller_cooling_setpoint:
    topic: eplus_control/controller_house_13_12_thermostat_controller_cooling_setpoint
    default: +76 degF
    list: false
  eplus_control/controller_house_13_11_thermostat_controller_cooling_setpoint:
    topic: eplus_control/controller_house_13_11_thermostat_controller_cooling_setpoint
    default: +76 degF
    list: false
  eplus_control/controller_house_13_10_thermostat_controller_cooling_setpoint:
    topic: eplus_control/controller_house_13_10_thermostat_controller_cooling_setpoint
    default: +76 degF
    list: false
  eplus_control/controller_house_13_9_thermostat_controller_cooling_setpoint:
    topic: eplus_control/controller_house_13_9_thermostat_controller_cooling_setpoint
    default: +76 degF
    list: false
  eplus_control/controller_house_13_8_thermostat_controller_cooling_setpoint:
    topic: eplus_control/controller_house_13_8_thermostat_controller_cooling_setpoint
    default: +76 degF
    list: false
  eplus_control/controller_house_13_7_thermostat_controller_cooling_setpoint:
    topic: eplus_control/controller_house_13_7_thermostat_controller_cooling_setpoint
    default: +76 degF
    list: false
  eplus_control/controller_house_13_6_thermostat_controller_cooling_setpoint:
    topic: eplus_control/controller_house_13_6_thermostat_controller_cooling_setpoint
    default: +76 degF
    list: false
  eplus_control/controller_house_13_5_thermostat_controller_cooling_setpoint:
    topic: eplus_control/controller_house_13_5_thermostat_controller_cooling_setpoint
    default: +76 degF
    list: false
  eplus_control/controller_house_13_4_thermostat_controller_cooling_setpoint:
    topic: eplus_control/controller_house_13_4_thermostat_controller_cooling_setpoint
    default: +76 degF
    list: false
  eplus_control/controller_house_13_3_thermostat_controller_cooling_setpoint:
    topic: eplus_control/controller_house_13_3_thermostat_controller_cooling_setpoint
    default: +76 degF
    list: false
  eplus_control/controller_house_13_2_thermostat_controller_cooling_setpoint:
    topic: eplus_control/controller_house_13_2_thermostat_controller_cooling_setpoint
    default: +76 degF
    list: false
  eplus_control/controller_house_13_1_thermostat_controller_cooling_setpoint:
    topic: eplus_control/controller_house_13_1_thermostat_controller_cooling_setpoint
    default: +76 degF
    list: false
  eplus_control/controller_house_12_12_thermostat_controller_cooling_setpoint:
    topic: eplus_control/controller_house_12_12_thermostat_controller_cooling_setpoint
    default: +76 degF
    list: false
  eplus_control/controller_house_12_11_thermostat_controller_cooling_setpoint:
    topic: eplus_control/controller_house_12_11_thermostat_controller_cooling_setpoint
    default: +76 degF
    list: false
  eplus_control/controller_house_12_10_thermostat_controller_cooling_setpoint:
    topic: eplus_control/controller_house_12_10_thermostat_controller_cooling_setpoint
    default: +76 degF
    list: false
  eplus_control/controller_house_12_9_thermostat_controller_cooling_setpoint:
    topic: eplus_control/controller_house_12_9_thermostat_controller_cooling_setpoint
    default: +76 degF
    list: false
  eplus_control/controller_house_12_8_thermostat_controller_cooling_setpoint:
    topic: eplus_control/controller_house_12_8_thermostat_controller_cooling_setpoint
    default: +76 degF
    list: false
  eplus_control/controller_house_12_7_thermostat_controller_cooling_setpoint:
    topic: eplus_control/controller_house_12_7_thermostat_controller_cooling_setpoint
    default: +76 degF
    list: false
  eplus_control/controller_house_12_6_thermostat_controller_cooling_setpoint:
    topic: eplus_control/controller_house_12_6_thermostat_controller_cooling_setpoint
    default: +76 degF
    list: false
  eplus_control/controller_house_12_5_thermostat_controller_cooling_setpoint:
    topic: eplus_control/controller_house_12_5_thermostat_controller_cooling_setpoint
    default: +76 degF
    list: false
  eplus_control/controller_house_12_4_thermostat_controller_cooling_setpoint:
    topic: eplus_control/controller_house_12_4_thermostat_controller_cooling_setpoint
    default: +76 degF
    list: false
  eplus_control/controller_house_12_3_thermostat_controller_cooling_setpoint:
    topic: eplus_control/controller_house_12_3_thermostat_controller_cooling_setpoint
    default: +76 degF
    list: false
  eplus_control/controller_house_12_2_thermostat_controller_cooling_setpoint:
    topic: eplus_control/controller_house_12_2_thermostat_controller_cooling_setpoint
    default: +76 degF
    list: false
  eplus_control/controller_house_12_1_thermostat_controller_cooling_setpoint:
    topic: eplus_control/controller_house_12_1_thermostat_controller_cooling_setpoint
    default: +76 degF
    list: false
  eplus_control/controller_house_11_12_thermostat_controller_cooling_setpoint:
    topic: eplus_control/controller_house_11_12_thermostat_controller_cooling_setpoint
    default: +76 degF
    list: false
  eplus_control/controller_house_11_11_thermostat_controller_cooling_setpoint:
    topic: eplus_control/controller_house_11_11_thermostat_controller_cooling_setpoint
    default: +76 degF
    list: false
  eplus_control/controller_house_11_10_thermostat_controller_cooling_setpoint:
    topic: eplus_control/controller_house_11_10_thermostat_controller_cooling_setpoint
    default: +76 degF
    list: false
  eplus_control/controller_house_11_9_thermostat_controller_cooling_setpoint:
    topic: eplus_control/controller_house_11_9_thermostat_controller_cooling_setpoint
    default: +76 degF
    list: false
  eplus_control/controller_house_11_8_thermostat_controller_cooling_setpoint:
    topic: eplus_control/controller_house_11_8_thermostat_controller_cooling_setpoint
    default: +76 degF
    list: false
  eplus_control/controller_house_11_7_thermostat_controller_cooling_setpoint:
    topic: eplus_control/controller_house_11_7_thermostat_controller_cooling_setpoint
    default: +76 degF
    list: false
  eplus_control/controller_house_11_6_thermostat_controller_cooling_setpoint:
    topic: eplus_control/controller_house_11_6_thermostat_controller_cooling_setpoint
    default: +76 degF
    list: false
  eplus_control/controller_house_11_5_thermostat_controller_cooling_setpoint:
    topic: eplus_control/controller_house_11_5_thermostat_controller_cooling_setpoint
    default: +76 degF
    list: false
  eplus_control/controller_house_11_4_thermostat_controller_cooling_setpoint:
    topic: eplus_control/controller_house_11_4_thermostat_controller_cooling_setpoint
    default: +76 degF
    list: false
  eplus_control/controller_house_11_3_thermostat_controller_cooling_setpoint:
    topic: eplus_control/controller_house_11_3_thermostat_controller_cooling_setpoint
    default: +76 degF
    list: false
  eplus_control/controller_house_11_2_thermostat_controller_cooling_setpoint:
    topic: eplus_control/controller_house_11_2_thermostat_controller_cooling_setpoint
    default: +76 degF
    list: false
  eplus_control/controller_house_11_1_thermostat_controller_cooling_setpoint:
    topic: eplus_control/controller_house_11_1_thermostat_controller_cooling_setpoint
    default: +76 degF
    list: false
  eplus_control/controller_house_10_12_thermostat_controller_cooling_setpoint:
    topic: eplus_control/controller_house_10_12_thermostat_controller_cooling_setpoint
    default: +76 degF
    list: false
  eplus_control/controller_house_10_11_thermostat_controller_cooling_setpoint:
    topic: eplus_control/controller_house_10_11_thermostat_controller_cooling_setpoint
    default: +76 degF
    list: false
  eplus_control/controller_house_10_10_thermostat_controller_cooling_setpoint:
    topic: eplus_control/controller_house_10_10_thermostat_controller_cooling_setpoint
    default: +76 degF
    list: false
  eplus_control/controller_house_10_9_thermostat_controller_cooling_setpoint:
    topic: eplus_control/controller_house_10_9_thermostat_controller_cooling_setpoint
    default: +76 degF
    list: false
  eplus_control/controller_house_10_8_thermostat_controller_cooling_setpoint:
    topic: eplus_control/controller_house_10_8_thermostat_controller_cooling_setpoint
    default: +76 degF
    list: false
  eplus_control/controller_house_10_7_thermostat_controller_cooling_setpoint:
    topic: eplus_control/controller_house_10_7_thermostat_controller_cooling_setpoint
    default: +76 degF
    list: false
  eplus_control/controller_house_10_6_thermostat_controller_cooling_setpoint:
    topic: eplus_control/controller_house_10_6_thermostat_controller_cooling_setpoint
    default: +76 degF
    list: false
  eplus_control/controller_house_10_5_thermostat_controller_cooling_setpoint:
    topic: eplus_control/controller_house_10_5_thermostat_controller_cooling_setpoint
    default: +76 degF
    list: false
  eplus_control/controller_house_10_4_thermostat_controller_cooling_setpoint:
    topic: eplus_control/controller_house_10_4_thermostat_controller_cooling_setpoint
    default: +76 degF
    list: false
  eplus_control/controller_house_10_3_thermostat_controller_cooling_setpoint:
    topic: eplus_control/controller_house_10_3_thermostat_controller_cooling_setpoint
    default: +76 degF
    list: false
  eplus_control/controller_house_10_2_thermostat_controller_cooling_setpoint:
    topic: eplus_control/controller_house_10_2_thermostat_controller_cooling_setpoint
    default: +76 degF
    list: false
  eplus_control/controller_house_10_1_thermostat_controller_cooling_setpoint:
    topic: eplus_control/controller_house_10_1_thermostat_controller_cooling_setpoint
    default: +76 degF
    list: false
  eplus_control/controller_house_9_12_thermostat_controller_cooling_setpoint:
    topic: eplus_control/controller_house_9_12_thermostat_controller_cooling_setpoint
    default: +76 degF
    list: false
  eplus_control/controller_house_9_11_thermostat_controller_cooling_setpoint:
    topic: eplus_control/controller_house_9_11_thermostat_controller_cooling_setpoint
    default: +76 degF
    list: false
  eplus_control/controller_house_9_10_thermostat_controller_cooling_setpoint:
    topic: eplus_control/controller_house_9_10_thermostat_controller_cooling_setpoint
    default: +76 degF
    list: false
  eplus_control/controller_house_9_9_thermostat_controller_cooling_setpoint:
    topic: eplus_control/controller_house_9_9_thermostat_controller_cooling_setpoint
    default: +76 degF
    list: false
  eplus_control/controller_house_9_8_thermostat_controller_cooling_setpoint:
    topic: eplus_control/controller_house_9_8_thermostat_controller_cooling_setpoint
    default: +76 degF
    list: false
  eplus_control/controller_house_9_7_thermostat_controller_cooling_setpoint:
    topic: eplus_control/controller_house_9_7_thermostat_controller_cooling_setpoint
    default: +76 degF
    list: false
  eplus_control/controller_house_9_6_thermostat_controller_cooling_setpoint:
    topic: eplus_control/controller_house_9_6_thermostat_controller_cooling_setpoint
    default: +76 degF
    list: false
  eplus_control/controller_house_9_5_thermostat_controller_cooling_setpoint:
    topic: eplus_control/controller_house_9_5_thermostat_controller_cooling_setpoint
    default: +76 degF
    list: false
  eplus_control/controller_house_9_4_thermostat_controller_cooling_setpoint:
    topic: eplus_control/controller_house_9_4_thermostat_controller_cooling_setpoint
    default: +76 degF
    list: false
  eplus_control/controller_house_9_3_thermostat_controller_cooling_setpoint:
    topic: eplus_control/controller_house_9_3_thermostat_controller_cooling_setpoint
    default: +76 degF
    list: false
  eplus_control/controller_house_9_2_thermostat_controller_cooling_setpoint:
    topic: eplus_control/controller_house_9_2_thermostat_controller_cooling_setpoint
    default: +76 degF
    list: false
  eplus_control/controller_house_9_1_thermostat_controller_cooling_setpoint:
    topic: eplus_control/controller_house_9_1_thermostat_controller_cooling_setpoint
    default: +76 degF
    list: false
  eplus_control/controller_house_8_12_thermostat_controller_cooling_setpoint:
    topic: eplus_control/controller_house_8_12_thermostat_controller_cooling_setpoint
    default: +76 degF
    list: false
  eplus_control/controller_house_8_11_thermostat_controller_cooling_setpoint:
    topic: eplus_control/controller_house_8_11_thermostat_controller_cooling_setpoint
    default: +76 degF
    list: false
  eplus_control/controller_house_8_10_thermostat_controller_cooling_setpoint:
    topic: eplus_control/controller_house_8_10_thermostat_controller_cooling_setpoint
    default: +76 degF
    list: false
  eplus_control/controller_house_8_9_thermostat_controller_cooling_setpoint:
    topic: eplus_control/controller_house_8_9_thermostat_controller_cooling_setpoint
    default: +76 degF
    list: false
  eplus_control/controller_house_8_8_thermostat_controller_cooling_setpoint:
    topic: eplus_control/controller_house_8_8_thermostat_controller_cooling_setpoint
    default: +76 degF
    list: false
  eplus_control/controller_house_8_7_thermostat_controller_cooling_setpoint:
    topic: eplus_control/controller_house_8_7_thermostat_controller_cooling_setpoint
    default: +76 degF
    list: false
  eplus_control/controller_house_8_6_thermostat_controller_cooling_setpoint:
    topic: eplus_control/controller_house_8_6_thermostat_controller_cooling_setpoint
    default: +76 degF
    list: false
  eplus_control/controller_house_8_5_thermostat_controller_cooling_setpoint:
    topic: eplus_control/controller_house_8_5_thermostat_controller_cooling_setpoint
    default: +76 degF
    list: false
  eplus_control/controller_house_8_4_thermostat_controller_cooling_setpoint:
    topic: eplus_control/controller_house_8_4_thermostat_controller_cooling_setpoint
    default: +76 degF
    list: false
  eplus_control/controller_house_8_3_thermostat_controller_cooling_setpoint:
    topic: eplus_control/controller_house_8_3_thermostat_controller_cooling_setpoint
    default: +76 degF
    list: false
  eplus_control/controller_house_8_2_thermostat_controller_cooling_setpoint:
    topic: eplus_control/controller_house_8_2_thermostat_controller_cooling_setpoint
    default: +76 degF
    list: false
  eplus_control/controller_house_8_1_thermostat_controller_cooling_setpoint:
    topic: eplus_control/controller_house_8_1_thermostat_controller_cooling_setpoint
    default: +76 degF
    list: false
  eplus_control/controller_house_7_12_thermostat_controller_cooling_setpoint:
    topic: eplus_control/controller_house_7_12_thermostat_controller_cooling_setpoint
    default: +76 degF
    list: false
  eplus_control/controller_house_7_11_thermostat_controller_cooling_setpoint:
    topic: eplus_control/controller_house_7_11_thermostat_controller_cooling_setpoint
    default: +76 degF
    list: false
  eplus_control/controller_house_7_10_thermostat_controller_cooling_setpoint:
    topic: eplus_control/controller_house_7_10_thermostat_controller_cooling_setpoint
    default: +76 degF
    list: false
  eplus_control/controller_house_7_9_thermostat_controller_cooling_setpoint:
    topic: eplus_control/controller_house_7_9_thermostat_controller_cooling_setpoint
    default: +76 degF
    list: false
  eplus_control/controller_house_7_8_thermostat_controller_cooling_setpoint:
    topic: eplus_control/controller_house_7_8_thermostat_controller_cooling_setpoint
    default: +76 degF
    list: false
  eplus_control/controller_house_7_7_thermostat_controller_cooling_setpoint:
    topic: eplus_control/controller_house_7_7_thermostat_controller_cooling_setpoint
    default: +76 degF
    list: false
  eplus_control/controller_house_7_6_thermostat_controller_cooling_setpoint:
    topic: eplus_control/controller_house_7_6_thermostat_controller_cooling_setpoint
    default: +76 degF
    list: false
  eplus_control/controller_house_7_5_thermostat_controller_cooling_setpoint:
    topic: eplus_control/controller_house_7_5_thermostat_controller_cooling_setpoint
    default: +76 degF
    list: false
  eplus_control/controller_house_7_4_thermostat_controller_cooling_setpoint:
    topic: eplus_control/controller_house_7_4_thermostat_controller_cooling_setpoint
    default: +76 degF
    list: false
  eplus_control/controller_house_7_3_thermostat_controller_cooling_setpoint:
    topic: eplus_control/controller_house_7_3_thermostat_controller_cooling_setpoint
    default: +76 degF
    list: false
  eplus_control/controller_house_7_2_thermostat_controller_cooling_setpoint:
    topic: eplus_control/controller_house_7_2_thermostat_controller_cooling_setpoint
    default: +76 degF
    list: false
  eplus_control/controller_house_7_1_thermostat_controller_cooling_setpoint:
    topic: eplus_control/controller_house_7_1_thermostat_controller_cooling_setpoint
    default: +76 degF
    list: false
  eplus_control/controller_house_6_12_thermostat_controller_cooling_setpoint:
    topic: eplus_control/controller_house_6_12_thermostat_controller_cooling_setpoint
    default: +76 degF
    list: false
  eplus_control/controller_house_6_11_thermostat_controller_cooling_setpoint:
    topic: eplus_control/controller_house_6_11_thermostat_controller_cooling_setpoint
    default: +76 degF
    list: false
  eplus_control/controller_house_6_10_thermostat_controller_cooling_setpoint:
    topic: eplus_control/controller_house_6_10_thermostat_controller_cooling_setpoint
    default: +76 degF
    list: false
  eplus_control/controller_house_6_9_thermostat_controller_cooling_setpoint:
    topic: eplus_control/controller_house_6_9_thermostat_controller_cooling_setpoint
    default: +76 degF
    list: false
  eplus_control/controller_house_6_8_thermostat_controller_cooling_setpoint:
    topic: eplus_control/controller_house_6_8_thermostat_controller_cooling_setpoint
    default: +76 degF
    list: false
  eplus_control/controller_house_6_7_thermostat_controller_cooling_setpoint:
    topic: eplus_control/controller_house_6_7_thermostat_controller_cooling_setpoint
    default: +76 degF
    list: false
  eplus_control/controller_house_6_6_thermostat_controller_cooling_setpoint:
    topic: eplus_control/controller_house_6_6_thermostat_controller_cooling_setpoint
    default: +76 degF
    list: false
  eplus_control/controller_house_6_5_thermostat_controller_cooling_setpoint:
    topic: eplus_control/controller_house_6_5_thermostat_controller_cooling_setpoint
    default: +76 degF
    list: false
  eplus_control/controller_house_6_4_thermostat_controller_cooling_setpoint:
    topic: eplus_control/controller_house_6_4_thermostat_controller_cooling_setpoint
    default: +76 degF
    list: false
  eplus_control/controller_house_6_3_thermostat_controller_cooling_setpoint:
    topic: eplus_control/controller_house_6_3_thermostat_controller_cooling_setpoint
    default: +76 degF
    list: false
  eplus_control/controller_house_6_2_thermostat_controller_cooling_setpoint:
    topic: eplus_control/controller_house_6_2_thermostat_controller_cooling_setpoint
    default: +76 degF
    list: false
  eplus_control/controller_house_6_1_thermostat_controller_cooling_setpoint:
    topic: eplus_control/controller_house_6_1_thermostat_controller_cooling_setpoint
    default: +76 degF
    list: false
  eplus_control/controller_house_5_12_thermostat_controller_cooling_setpoint:
    topic: eplus_control/controller_house_5_12_thermostat_controller_cooling_setpoint
    default: +76 degF
    list: false
  eplus_control/controller_house_5_11_thermostat_controller_cooling_setpoint:
    topic: eplus_control/controller_house_5_11_thermostat_controller_cooling_setpoint
    default: +76 degF
    list: false
  eplus_control/controller_house_5_10_thermostat_controller_cooling_setpoint:
    topic: eplus_control/controller_house_5_10_thermostat_controller_cooling_setpoint
    default: +76 degF
    list: false
  eplus_control/controller_house_5_9_thermostat_controller_cooling_setpoint:
    topic: eplus_control/controller_house_5_9_thermostat_controller_cooling_setpoint
    default: +76 degF
    list: false
  eplus_control/controller_house_5_8_thermostat_controller_cooling_setpoint:
    topic: eplus_control/controller_house_5_8_thermostat_controller_cooling_setpoint
    default: +76 degF
    list: false
  eplus_control/controller_house_5_7_thermostat_controller_cooling_setpoint:
    topic: eplus_control/controller_house_5_7_thermostat_controller_cooling_setpoint
    default: +76 degF
    list: false
  eplus_control/controller_house_5_6_thermostat_controller_cooling_setpoint:
    topic: eplus_control/controller_house_5_6_thermostat_controller_cooling_setpoint
    default: +76 degF
    list: false
  eplus_control/controller_house_5_5_thermostat_controller_cooling_setpoint:
    topic: eplus_control/controller_house_5_5_thermostat_controller_cooling_setpoint
    default: +76 degF
    list: false
  eplus_control/controller_house_5_4_thermostat_controller_cooling_setpoint:
    topic: eplus_control/controller_house_5_4_thermostat_controller_cooling_setpoint
    default: +76 degF
    list: false
  eplus_control/controller_house_5_3_thermostat_controller_cooling_setpoint:
    topic: eplus_control/controller_house_5_3_thermostat_controller_cooling_setpoint
    default: +76 degF
    list: false
  eplus_control/controller_house_5_2_thermostat_controller_cooling_setpoint:
    topic: eplus_control/controller_house_5_2_thermostat_controller_cooling_setpoint
    default: +76 degF
    list: false
  eplus_control/controller_house_5_1_thermostat_controller_cooling_setpoint:
    topic: eplus_control/controller_house_5_1_thermostat_controller_cooling_setpoint
    default: +76 degF
    list: false
  eplus_control/controller_house_4_12_thermostat_controller_cooling_setpoint:
    topic: eplus_control/controller_house_4_12_thermostat_controller_cooling_setpoint
    default: +76 degF
    list: false
  eplus_control/controller_house_4_11_thermostat_controller_cooling_setpoint:
    topic: eplus_control/controller_house_4_11_thermostat_controller_cooling_setpoint
    default: +76 degF
    list: false
  eplus_control/controller_house_4_10_thermostat_controller_cooling_setpoint:
    topic: eplus_control/controller_house_4_10_thermostat_controller_cooling_setpoint
    default: +76 degF
    list: false
  eplus_control/controller_house_4_9_thermostat_controller_cooling_setpoint:
    topic: eplus_control/controller_house_4_9_thermostat_controller_cooling_setpoint
    default: +76 degF
    list: false
  eplus_control/controller_house_4_8_thermostat_controller_cooling_setpoint:
    topic: eplus_control/controller_house_4_8_thermostat_controller_cooling_setpoint
    default: +76 degF
    list: false
  eplus_control/controller_house_4_7_thermostat_controller_cooling_setpoint:
    topic: eplus_control/controller_house_4_7_thermostat_controller_cooling_setpoint
    default: +76 degF
    list: false
  eplus_control/controller_house_4_6_thermostat_controller_cooling_setpoint:
    topic: eplus_control/controller_house_4_6_thermostat_controller_cooling_setpoint
    default: +76 degF
    list: false
  eplus_control/controller_house_4_5_thermostat_controller_cooling_setpoint:
    topic: eplus_control/controller_house_4_5_thermostat_controller_cooling_setpoint
    default: +76 degF
    list: false
  eplus_control/controller_house_4_4_thermostat_controller_cooling_setpoint:
    topic: eplus_control/controller_house_4_4_thermostat_controller_cooling_setpoint
    default: +76 degF
    list: false
  eplus_control/controller_house_4_3_thermostat_controller_cooling_setpoint:
    topic: eplus_control/controller_house_4_3_thermostat_controller_cooling_setpoint
    default: +76 degF
    list: false
  eplus_control/controller_house_4_2_thermostat_controller_cooling_setpoint:
    topic: eplus_control/controller_house_4_2_thermostat_controller_cooling_setpoint
    default: +76 degF
    list: false
  eplus_control/controller_house_4_1_thermostat_controller_cooling_setpoint:
    topic: eplus_control/controller_house_4_1_thermostat_controller_cooling_setpoint
    default: +76 degF
    list: false
  eplus_control/controller_house_3_12_thermostat_controller_cooling_setpoint:
    topic: eplus_control/controller_house_3_12_thermostat_controller_cooling_setpoint
    default: +76 degF
    list: false
  eplus_control/controller_house_3_11_thermostat_controller_cooling_setpoint:
    topic: eplus_control/controller_house_3_11_thermostat_controller_cooling_setpoint
    default: +76 degF
    list: false
  eplus_control/controller_house_3_10_thermostat_controller_cooling_setpoint:
    topic: eplus_control/controller_house_3_10_thermostat_controller_cooling_setpoint
    default: +76 degF
    list: false
  eplus_control/controller_house_3_9_thermostat_controller_cooling_setpoint:
    topic: eplus_control/controller_house_3_9_thermostat_controller_cooling_setpoint
    default: +76 degF
    list: false
  eplus_control/controller_house_3_8_thermostat_controller_cooling_setpoint:
    topic: eplus_control/controller_house_3_8_thermostat_controller_cooling_setpoint
    default: +76 degF
    list: false
  eplus_control/controller_house_3_7_thermostat_controller_cooling_setpoint:
    topic: eplus_control/controller_house_3_7_thermostat_controller_cooling_setpoint
    default: +76 degF
    list: false
  eplus_control/controller_house_3_6_thermostat_controller_cooling_setpoint:
    topic: eplus_control/controller_house_3_6_thermostat_controller_cooling_setpoint
    default: +76 degF
    list: false
  eplus_control/controller_house_3_5_thermostat_controller_cooling_setpoint:
    topic: eplus_control/controller_house_3_5_thermostat_controller_cooling_setpoint
    default: +76 degF
    list: false
  eplus_control/controller_house_3_4_thermostat_controller_cooling_setpoint:
    topic: eplus_control/controller_house_3_4_thermostat_controller_cooling_setpoint
    default: +76 degF
    list: false
  eplus_control/controller_house_3_3_thermostat_controller_cooling_setpoint:
    topic: eplus_control/controller_house_3_3_thermostat_controller_cooling_setpoint
    default: +76 degF
    list: false
  eplus_control/controller_house_3_2_thermostat_controller_cooling_setpoint:
    topic: eplus_control/controller_house_3_2_thermostat_controller_cooling_setpoint
    default: +76 degF
    list: false
  eplus_control/controller_house_3_1_thermostat_controller_cooling_setpoint:
    topic: eplus_control/controller_house_3_1_thermostat_controller_cooling_setpoint
    default: +76 degF
    list: false
  eplus_control/controller_house_2_12_thermostat_controller_cooling_setpoint:
    topic: eplus_control/controller_house_2_12_thermostat_controller_cooling_setpoint
    default: +76 degF
    list: false
  eplus_control/controller_house_2_11_thermostat_controller_cooling_setpoint:
    topic: eplus_control/controller_house_2_11_thermostat_controller_cooling_setpoint
    default: +76 degF
    list: false
  eplus_control/controller_house_2_10_thermostat_controller_cooling_setpoint:
    topic: eplus_control/controller_house_2_10_thermostat_controller_cooling_setpoint
    default: +76 degF
    list: false
  eplus_control/controller_house_2_9_thermostat_controller_cooling_setpoint:
    topic: eplus_control/controller_house_2_9_thermostat_controller_cooling_setpoint
    default: +76 degF
    list: false
  eplus_control/controller_house_2_8_thermostat_controller_cooling_setpoint:
    topic: eplus_control/controller_house_2_8_thermostat_controller_cooling_setpoint
    default: +76 degF
    list: false
  eplus_control/controller_house_2_7_thermostat_controller_cooling_setpoint:
    topic: eplus_control/controller_house_2_7_thermostat_controller_cooling_setpoint
    default: +76 degF
    list: false
  eplus_control/controller_house_2_6_thermostat_controller_cooling_setpoint:
    topic: eplus_control/controller_house_2_6_thermostat_controller_cooling_setpoint
    default: +76 degF
    list: false
  eplus_control/controller_house_2_5_thermostat_controller_cooling_setpoint:
    topic: eplus_control/controller_house_2_5_thermostat_controller_cooling_setpoint
    default: +76 degF
    list: false
  eplus_control/controller_house_2_4_thermostat_controller_cooling_setpoint:
    topic: eplus_control/controller_house_2_4_thermostat_controller_cooling_setpoint
    default: +76 degF
    list: false
  eplus_control/controller_house_2_3_thermostat_controller_cooling_setpoint:
    topic: eplus_control/controller_house_2_3_thermostat_controller_cooling_setpoint
    default: +76 degF
    list: false
  eplus_control/controller_house_2_2_thermostat_controller_cooling_setpoint:
    topic: eplus_control/controller_house_2_2_thermostat_controller_cooling_setpoint
    default: +76 degF
    list: false
  eplus_control/controller_house_2_1_thermostat_controller_cooling_setpoint:
    topic: eplus_control/controller_house_2_1_thermostat_controller_cooling_setpoint
    default: +76 degF
    list: false
  eplus_control/controller_house_1_12_thermostat_controller_cooling_setpoint:
    topic: eplus_control/controller_house_1_12_thermostat_controller_cooling_setpoint
    default: +76 degF
    list: false
  eplus_control/controller_house_1_11_thermostat_controller_cooling_setpoint:
    topic: eplus_control/controller_house_1_11_thermostat_controller_cooling_setpoint
    default: +76 degF
    list: false
  eplus_control/controller_house_1_10_thermostat_controller_cooling_setpoint:
    topic: eplus_control/controller_house_1_10_thermostat_controller_cooling_setpoint
    default: +76 degF
    list: false
  eplus_control/controller_house_1_9_thermostat_controller_cooling_setpoint:
    topic: eplus_control/controller_house_1_9_thermostat_controller_cooling_setpoint
    default: +76 degF
    list: false
  eplus_control/controller_house_1_8_thermostat_controller_cooling_setpoint:
    topic: eplus_control/controller_house_1_8_thermostat_controller_cooling_setpoint
    default: +76 degF
    list: false
  eplus_control/controller_house_1_7_thermostat_controller_cooling_setpoint:
    topic: eplus_control/controller_house_1_7_thermostat_controller_cooling_setpoint
    default: +76 degF
    list: false
  eplus_control/controller_house_1_6_thermostat_controller_cooling_setpoint:
    topic: eplus_control/controller_house_1_6_thermostat_controller_cooling_setpoint
    default: +76 degF
    list: false
  eplus_control/controller_house_1_5_thermostat_controller_cooling_setpoint:
    topic: eplus_control/controller_house_1_5_thermostat_controller_cooling_setpoint
    default: +76 degF
    list: false
  eplus_control/controller_house_1_4_thermostat_controller_cooling_setpoint:
    topic: eplus_control/controller_house_1_4_thermostat_controller_cooling_setpoint
    default: +76 degF
    list: false
  eplus_control/controller_house_1_3_thermostat_controller_cooling_setpoint:
    topic: eplus_control/controller_house_1_3_thermostat_controller_cooling_setpoint
    default: +76 degF
    list: false
  eplus_control/controller_house_1_2_thermostat_controller_cooling_setpoint:
    topic: eplus_control/controller_house_1_2_thermostat_controller_cooling_setpoint
    default: +76 degF
    list: false
  eplus_control/controller_house_1_1_thermostat_controller_cooling_setpoint:
    topic: eplus_control/controller_house_1_1_thermostat_controller_cooling_setpoint
    default: +76 degF
    list: false

E: 17-07-04 00:33:08 dangling 'ROUTER' socket created at src/broker.cpp:156
